<?xml version="1.0" ?>
<asd>asd213das</asd>